2024-12-19 22:19:40,659 message_broker INFO Broker inited 2260125346048
2024-12-19 22:19:40,684 message_broker INFO Broker connected 2260125346048
2024-12-19 22:19:40,684 message_broker INFO Sending a message from 2260125346048 to habits_activity_request
2024-12-19 22:19:40,687 message_broker INFO Message sended from 2260125346048 to habits_activity_request
2024-12-19 22:19:40,688 message_broker INFO Receiving a response from habits_activity_request_response to 2260125346048
2024-12-19 22:19:40,688 message_broker INFO Comsume 2260125346048
2024-12-19 22:19:40,795 message_broker INFO Message received from habits_activity_request_response to 2260125346048
2024-12-19 22:19:40,797 message_broker INFO Broker closed 2260125346048
2024-12-19 22:30:51,755 message_broker INFO Broker inited 1631933035008
2024-12-19 22:30:51,771 message_broker INFO Broker connected 1631933035008
2024-12-19 22:30:51,772 message_broker INFO Sending a message from 1631933035008 to habits_activity_request
2024-12-19 22:30:51,775 message_broker INFO Message sended from 1631933035008 to habits_activity_request
2024-12-19 22:30:51,775 message_broker INFO Receiving a response from habits_activity_request_response to 1631933035008
2024-12-19 22:30:51,775 message_broker INFO Comsuming 1631933035008
2024-12-19 22:30:51,890 message_broker INFO Message received from habits_activity_request_response to 1631933035008
2024-12-19 22:30:51,892 message_broker INFO Broker closed 1631933035008
2024-12-19 23:20:17,224 message_broker INFO Broker inited 2683493783392
2024-12-19 23:20:17,242 message_broker INFO Broker connected 2683493783392
2024-12-19 23:20:17,242 message_broker INFO Sending a message from 2683493783392 to habits_activity_request
2024-12-19 23:20:17,249 message_broker INFO Message sended from 2683493783392 to habits_activity_request
2024-12-19 23:20:17,249 message_broker INFO Receiving a response from habits_activity_request_response to 2683493783392
2024-12-19 23:20:17,249 message_broker INFO Comsuming 2683493783392
2024-12-19 23:20:17,358 message_broker INFO Message received from habits_activity_request_response to 2683493783392
2024-12-19 23:20:17,361 message_broker INFO Broker closed 2683493783392
2024-12-19 23:21:05,494 message_broker INFO Broker inited 2683489118512
2024-12-19 23:21:05,503 message_broker INFO Broker connected 2683489118512
2024-12-19 23:21:05,503 message_broker INFO Sending a message from 2683489118512 to habits_activity_request
2024-12-19 23:21:05,504 message_broker INFO Message sended from 2683489118512 to habits_activity_request
2024-12-19 23:21:05,505 message_broker INFO Receiving a response from habits_activity_request_response to 2683489118512
2024-12-19 23:21:05,505 message_broker INFO Comsuming 2683489118512
2024-12-19 23:21:05,614 message_broker INFO Message received from habits_activity_request_response to 2683489118512
2024-12-19 23:21:05,617 message_broker INFO Broker closed 2683489118512
2024-12-21 10:47:05,384 message_broker INFO Broker inited 139968482558224
2024-12-21 10:47:05,443 message_broker INFO Broker connected 139968482558224
2024-12-21 10:47:05,445 message_broker INFO Sending a message from 139968482558224 to habits_activity_request
2024-12-21 10:47:05,449 message_broker INFO Message sended from 139968482558224 to habits_activity_request
2024-12-21 10:47:05,449 message_broker INFO Receiving a response from habits_activity_request_response to 139968482558224
2024-12-21 10:47:05,450 message_broker INFO Comsuming 139968482558224
2024-12-21 10:49:31,999 message_broker INFO Broker inited 140550888886000
2024-12-21 10:49:32,026 message_broker INFO Broker connected 140550888886000
2024-12-21 10:49:32,026 message_broker INFO Sending a message from 140550888886000 to habits_activity_request
2024-12-21 10:49:32,028 message_broker INFO Message sended from 140550888886000 to habits_activity_request
2024-12-21 10:49:32,029 message_broker INFO Receiving a response from habits_activity_request_response to 140550888886000
2024-12-21 10:49:32,030 message_broker INFO Comsuming 140550888886000
2024-12-21 11:03:28,672 message_broker INFO Broker inited 140131682438800
2024-12-21 11:03:28,765 message_broker INFO Broker connected 140131682438800
2024-12-21 11:03:28,766 message_broker INFO Sending a message from 140131682438800 to habits_activity_request
2024-12-21 11:03:28,772 message_broker INFO Message sended from 140131682438800 to habits_activity_request
2024-12-21 11:03:28,773 message_broker INFO Receiving a response from habits_activity_request_response to 140131682438800
2024-12-21 11:03:28,773 message_broker INFO Comsuming 140131682438800
2024-12-21 11:06:17,163 message_broker INFO Broker inited 140280225195184
2024-12-21 11:06:24,475 message_broker INFO Broker inited 140280225195184
2024-12-21 11:07:31,777 message_broker INFO Broker inited 139800838263424
2024-12-21 11:07:31,793 message_broker INFO Broker connected 139800838263424
2024-12-21 11:07:31,793 message_broker INFO Sending a message from 139800838263424 to habits_activity_request
2024-12-21 11:07:31,795 message_broker INFO Message sended from 139800838263424 to habits_activity_request
2024-12-21 11:07:31,795 message_broker INFO Receiving a response from habits_activity_request_response to 139800838263424
2024-12-21 11:07:31,795 message_broker INFO Comsuming 139800838263424
2024-12-21 11:31:46,975 message_broker INFO Broker inited 140309520846576
2024-12-21 11:31:46,990 message_broker INFO Broker connected 140309520846576
2024-12-21 11:31:46,990 message_broker INFO Sending a message from 140309520846576 to habits_activity_request
2024-12-21 11:31:46,992 message_broker INFO Message sended from 140309520846576 to habits_activity_request
2024-12-21 11:31:46,992 message_broker INFO Receiving a response from habits_activity_request_response to 140309520846576
2024-12-21 11:31:46,993 message_broker INFO Comsuming 140309520846576
2024-12-21 11:31:47,102 message_broker INFO Message received from habits_activity_request_response to 140309520846576
2024-12-21 11:31:47,105 message_broker INFO Broker closed 140309520846576
2024-12-21 11:36:25,387 message_broker INFO Broker inited 139953171990624
2024-12-21 11:36:25,566 message_broker INFO Broker connected 139953171990624
2024-12-21 11:36:25,567 message_broker INFO Sending a message from 139953171990624 to habits_activity_request
2024-12-21 11:36:25,583 message_broker INFO Message sended from 139953171990624 to habits_activity_request
2024-12-21 11:36:25,583 message_broker INFO Receiving a response from habits_activity_request_response to 139953171990624
2024-12-21 11:36:25,584 message_broker INFO Comsuming 139953171990624
2024-12-21 11:36:25,724 message_broker INFO Message received from habits_activity_request_response to 139953171990624
2024-12-21 11:36:25,734 message_broker INFO Broker closed 139953171990624
2024-12-21 11:36:37,611 message_broker INFO Broker inited 139953171993264
2024-12-21 11:36:37,622 message_broker INFO Broker connected 139953171993264
2024-12-21 11:36:37,622 message_broker INFO Sending a message from 139953171993264 to habits_activity_request
2024-12-21 11:36:37,624 message_broker INFO Message sended from 139953171993264 to habits_activity_request
2024-12-21 11:36:37,624 message_broker INFO Receiving a response from habits_activity_request_response to 139953171993264
2024-12-21 11:36:37,624 message_broker INFO Comsuming 139953171993264
2024-12-21 11:36:37,729 message_broker INFO Message received from habits_activity_request_response to 139953171993264
2024-12-21 11:36:37,733 message_broker INFO Broker closed 139953171993264
2024-12-21 11:43:06,413 message_broker INFO Broker inited 140082923489952
2024-12-21 11:43:06,431 message_broker INFO Broker connected 140082923489952
2024-12-21 11:43:06,432 message_broker INFO Sending a message from 140082923489952 to habits_activity_request
2024-12-21 11:43:06,434 message_broker INFO Message sended from 140082923489952 to habits_activity_request
2024-12-21 11:43:06,434 message_broker INFO Receiving a response from habits_activity_request_response to 140082923489952
2024-12-21 11:43:06,435 message_broker INFO Comsuming 140082923489952
2024-12-21 11:43:06,543 message_broker INFO Message received from habits_activity_request_response to 140082923489952
2024-12-21 11:43:06,548 message_broker INFO Broker closed 140082923489952
2024-12-21 11:44:12,917 message_broker INFO Broker inited 140082970873056
2024-12-21 11:44:12,928 message_broker INFO Broker connected 140082970873056
2024-12-21 11:44:12,929 message_broker INFO Sending a message from 140082970873056 to habits_activity_request
2024-12-21 11:44:12,930 message_broker INFO Message sended from 140082970873056 to habits_activity_request
2024-12-21 11:44:12,931 message_broker INFO Receiving a response from habits_activity_request_response to 140082970873056
2024-12-21 11:44:12,931 message_broker INFO Comsuming 140082970873056
2024-12-21 11:44:13,034 message_broker INFO Message received from habits_activity_request_response to 140082970873056
2024-12-21 11:44:13,037 message_broker INFO Broker closed 140082970873056
2024-12-21 11:47:34,946 message_broker INFO Broker inited 140387058206960
2024-12-21 11:47:34,963 message_broker INFO Broker connected 140387058206960
2024-12-21 11:47:34,963 message_broker INFO Sending a message from 140387058206960 to habits_activity_request
2024-12-21 11:47:34,965 message_broker INFO Message sended from 140387058206960 to habits_activity_request
2024-12-21 11:47:34,965 message_broker INFO Receiving a response from habits_activity_request_response to 140387058206960
2024-12-21 11:47:34,966 message_broker INFO Comsuming 140387058206960
2024-12-21 11:47:35,072 message_broker INFO Message received from habits_activity_request_response to 140387058206960
2024-12-21 11:47:35,076 message_broker INFO Broker closed 140387058206960
2024-12-21 11:48:36,066 message_broker INFO Broker inited 140387070004880
2024-12-21 11:48:36,092 message_broker INFO Broker connected 140387070004880
2024-12-21 11:48:36,092 message_broker INFO Sending a message from 140387070004880 to habits_activity_request
2024-12-21 11:48:36,097 message_broker INFO Message sended from 140387070004880 to habits_activity_request
2024-12-21 11:48:36,098 message_broker INFO Receiving a response from habits_activity_request_response to 140387070004880
2024-12-21 11:48:36,098 message_broker INFO Comsuming 140387070004880
2024-12-21 11:48:36,203 message_broker INFO Message received from habits_activity_request_response to 140387070004880
2024-12-21 11:48:36,207 message_broker INFO Broker closed 140387070004880
2024-12-21 11:52:36,461 message_broker INFO Broker inited 140419924102512
2024-12-21 11:52:36,478 message_broker INFO Broker connected 140419924102512
2024-12-21 11:52:36,478 message_broker INFO Sending a message from 140419924102512 to habits_activity_request
2024-12-21 11:52:36,479 message_broker INFO Message sended from 140419924102512 to habits_activity_request
2024-12-21 11:52:36,480 message_broker INFO Receiving a response from habits_activity_request_response to 140419924102512
2024-12-21 11:52:36,480 message_broker INFO Comsuming 140419924102512
2024-12-21 11:52:36,589 message_broker INFO Message received from habits_activity_request_response to 140419924102512
2024-12-21 11:52:36,593 message_broker INFO Broker closed 140419924102512
2024-12-21 11:52:56,105 message_broker INFO Broker inited 140419924105488
2024-12-21 11:52:56,117 message_broker INFO Broker connected 140419924105488
2024-12-21 11:52:56,117 message_broker INFO Sending a message from 140419924105488 to habits_activity_request
2024-12-21 11:52:56,119 message_broker INFO Message sended from 140419924105488 to habits_activity_request
2024-12-21 11:52:56,120 message_broker INFO Receiving a response from habits_activity_request_response to 140419924105488
2024-12-21 11:52:56,120 message_broker INFO Comsuming 140419924105488
2024-12-21 11:52:56,224 message_broker INFO Message received from habits_activity_request_response to 140419924105488
2024-12-21 11:52:56,227 message_broker INFO Broker closed 140419924105488
