2024-12-16 18:50:02,412 habits_service INFO Updating the habit, id: 1
2024-12-16 18:50:02,419 habits_service WARNING Habit, id: 1, not found
2024-12-16 18:50:06,516 habits_service INFO Creating new habit by user, id: 1
2024-12-16 18:50:06,529 habits_service INFO Habit by user, id: 1, successfully created
2024-12-16 19:37:22,829 habits_service INFO Creating new habit by user, id: 1
2024-12-16 19:37:22,859 habits_service INFO Habit by user, id: 1, successfully created
2024-12-16 19:37:45,483 habits_service INFO Creating new habit by user, id: 1
2024-12-16 19:38:10,442 habits_service INFO Creating new habit by user, id: 1
2024-12-16 19:42:48,503 habits_service INFO Creating new habit by user, id: 1
2024-12-16 19:42:48,530 habits_service INFO Habit by user, id: 1, successfully created
2024-12-16 19:43:12,344 habits_service INFO Creating new habit by user, id: 1
2024-12-16 19:43:12,364 habits_service INFO Habit by user, id: 1, successfully created
2024-12-16 19:44:19,817 habits_service INFO Creating new habit by user, id: 1
2024-12-16 19:44:19,843 habits_service INFO Habit by user, id: 1, successfully created
2024-12-16 19:44:35,338 habits_service INFO Deleting the habit, id: 1
2024-12-16 19:44:35,355 habits_service INFO Habit, id: 1, successfully deleted
2024-12-16 19:53:21,535 habits_service INFO Creating new habit by user, id: 1
2024-12-16 19:54:27,426 habits_service INFO Creating new habit by user, id: 1
2024-12-16 19:54:27,447 habits_service INFO Creating new day by habit, id: 1
2024-12-16 19:54:59,437 habits_service INFO Creating new habit by user, id: 1
2024-12-16 19:54:59,455 habits_service INFO Creating new day by habit, id: 1
2024-12-16 19:54:59,462 habits_service INFO Habit by habit, id: 1, successfully created
2024-12-16 19:54:59,471 habits_service INFO Habit by user, id: 1, successfully created
2024-12-16 19:55:04,767 habits_service INFO Creating new habit by user, id: 1
2024-12-16 19:55:04,771 habits_service WARNING Habit, name: Habit2, already exists
2024-12-16 19:55:21,567 habits_service INFO Creating new habit by user, id: 1
2024-12-16 19:55:21,578 habits_service INFO Creating new day by habit, id: 2
2024-12-16 19:55:21,582 habits_service INFO Habit by habit, id: 2, successfully created
2024-12-16 19:57:44,390 habits_service INFO Creating new habit by user, id: 1
2024-12-16 19:57:44,408 habits_service INFO Creating new day by habit, id: 1
2024-12-16 19:57:44,421 habits_service INFO Day by habit, id: 1, successfully created
2024-12-16 19:57:44,421 habits_service INFO Habit by user, id: 1, successfully created
2024-12-16 19:57:46,942 habits_service INFO Creating new habit by user, id: 1
2024-12-16 19:57:46,954 habits_service INFO Creating new day by habit, id: 2
2024-12-16 19:57:46,964 habits_service INFO Day by habit, id: 2, successfully created
2024-12-16 19:57:46,964 habits_service INFO Habit by user, id: 1, successfully created
2024-12-16 19:57:49,277 habits_service INFO Creating new habit by user, id: 1
2024-12-16 19:57:49,288 habits_service INFO Creating new day by habit, id: 3
2024-12-16 19:57:49,298 habits_service INFO Day by habit, id: 3, successfully created
2024-12-16 19:57:49,299 habits_service INFO Habit by user, id: 1, successfully created
