2024-12-19 22:17:52,432 message_broker INFO Broker inited 1925356472320
2024-12-19 22:17:52,455 message_broker INFO Connect brokers
2024-12-19 22:17:52,478 message_broker INFO Broker connected 1925356472320
2024-12-19 22:17:52,478 message_broker INFO Start comsuming
2024-12-19 22:17:52,478 message_broker INFO Comsume 1925356472320
2024-12-19 22:18:20,262 message_broker INFO Broker inited 1925353630432
2024-12-19 22:18:20,271 message_broker INFO Broker connected 1925353630432
2024-12-19 22:18:20,271 message_broker INFO Sending a message from 1925353630432 to habits_activity_request_response
2024-12-19 22:18:20,272 message_broker INFO Message sended from 1925353630432 to habits_activity_request_response
2024-12-19 22:18:20,274 message_broker INFO Broker closed 1925353630432
2024-12-19 22:19:40,693 message_broker INFO Broker inited 1925337883728
2024-12-19 22:19:40,700 message_broker INFO Broker connected 1925337883728
2024-12-19 22:19:40,701 message_broker INFO Sending a message from 1925337883728 to habits_activity_request_response
2024-12-19 22:19:40,701 message_broker INFO Message sended from 1925337883728 to habits_activity_request_response
2024-12-19 22:19:40,705 message_broker INFO Broker closed 1925337883728
2024-12-19 22:29:56,147 message_broker INFO Close brokers
2024-12-19 22:29:56,178 message_broker INFO Broker closed 1925356472320
2024-12-19 22:29:58,671 message_broker INFO Broker inited 2685070822864
2024-12-19 22:29:58,696 message_broker INFO Connect brokers
2024-12-19 22:30:19,503 message_broker INFO Broker inited 1872443821184
2024-12-19 22:30:19,523 message_broker INFO Connect brokers
2024-12-19 22:30:19,556 message_broker INFO Broker connected 1872443821184
2024-12-19 22:30:19,556 message_broker INFO Start comsuming
2024-12-19 22:30:19,556 message_broker INFO Comsuming 1872443821184
2024-12-19 22:30:51,789 message_broker INFO Broker inited 1872443257200
2024-12-19 22:30:51,796 message_broker INFO Broker connected 1872443257200
2024-12-19 22:30:51,796 message_broker INFO Sending a message from 1872443257200 to habits_activity_request_response
2024-12-19 22:30:51,798 message_broker INFO Message sended from 1872443257200 to habits_activity_request_response
2024-12-19 22:30:51,799 message_broker INFO Broker closed 1872443257200
2024-12-19 23:03:23,711 message_broker INFO Close brokers
2024-12-19 23:03:23,759 message_broker INFO Broker closed 1872443821184
2024-12-19 23:09:16,227 message_broker INFO Broker inited 1784811654752
2024-12-19 23:09:16,248 message_broker INFO Connect brokers
2024-12-19 23:09:16,305 message_broker INFO Broker connected 1784811654752
2024-12-19 23:09:16,305 message_broker INFO Start comsuming
2024-12-19 23:09:16,305 message_broker INFO Comsuming 1784811654752
2024-12-19 23:09:18,179 message_broker INFO Close brokers
2024-12-19 23:09:18,184 message_broker INFO Broker closed 1784811654752
2024-12-19 23:14:57,661 message_broker INFO Broker inited 2685171305600
2024-12-19 23:14:57,683 message_broker INFO Connect brokers
2024-12-19 23:14:57,698 message_broker INFO Broker connected 2685171305600
2024-12-19 23:14:57,698 message_broker INFO Start comsuming
2024-12-19 23:14:57,698 message_broker INFO Comsuming 2685171305600
2024-12-19 23:14:58,470 message_broker INFO Close brokers
2024-12-19 23:14:58,473 message_broker INFO Broker closed 2685171305600
2024-12-19 23:17:57,241 message_broker INFO Broker inited 1975044049952
2024-12-19 23:17:57,255 message_broker INFO Connect brokers
2024-12-19 23:17:57,272 message_broker INFO Broker connected 1975044049952
2024-12-19 23:17:57,272 message_broker INFO Start comsuming
2024-12-19 23:17:57,273 message_broker INFO Comsuming 1975044049952
2024-12-19 23:20:17,256 message_broker INFO Broker inited 1975043809520
2024-12-19 23:20:17,266 message_broker INFO Broker connected 1975043809520
2024-12-19 23:20:17,266 message_broker INFO Sending a message from 1975043809520 to habits_activity_request_response
2024-12-19 23:20:17,268 message_broker INFO Message sended from 1975043809520 to habits_activity_request_response
2024-12-19 23:20:17,270 message_broker INFO Broker closed 1975043809520
2024-12-19 23:21:05,509 message_broker INFO Broker inited 1975044865776
2024-12-19 23:21:05,520 message_broker INFO Broker connected 1975044865776
2024-12-19 23:21:05,520 message_broker INFO Sending a message from 1975044865776 to habits_activity_request_response
2024-12-19 23:21:05,522 message_broker INFO Message sended from 1975044865776 to habits_activity_request_response
2024-12-19 23:21:05,524 message_broker INFO Broker closed 1975044865776
2024-12-19 23:21:12,448 message_broker INFO Close brokers
2024-12-19 23:21:12,450 message_broker INFO Broker closed 1975044049952
2024-12-21 09:56:39,039 message_broker INFO Broker inited 140654081649472
2024-12-21 09:56:39,075 message_broker INFO Connect brokers
2024-12-21 10:03:14,027 message_broker INFO Broker inited 140067193053664
2024-12-21 10:03:14,066 message_broker INFO Connect brokers
2024-12-21 10:04:08,931 message_broker INFO Broker inited 140559418665600
2024-12-21 10:04:08,953 message_broker INFO Connect brokers
2024-12-21 10:06:02,450 message_broker INFO Broker inited 140328143168928
2024-12-21 10:06:02,507 message_broker INFO Connect brokers
2024-12-21 10:12:08,306 message_broker INFO Broker inited 139928630455296
2024-12-21 10:12:08,363 message_broker INFO Connect brokers
2024-12-21 10:18:12,133 message_broker INFO Broker inited 140046981900832
2024-12-21 10:18:12,166 message_broker INFO Connect brokers
2024-12-21 10:21:42,995 message_broker INFO Broker inited 140293279869568
2024-12-21 10:21:43,036 message_broker INFO Connect brokers
2024-12-21 10:26:30,738 message_broker INFO Broker inited 140196494894304
2024-12-21 10:30:42,248 message_broker INFO Broker inited 140002214274272
2024-12-21 10:35:18,935 message_broker INFO Broker inited 139626211831024
2024-12-21 10:39:17,861 message_broker INFO Broker inited 140108751858064
2024-12-21 10:42:47,827 message_broker INFO Broker inited 140686627891360
2024-12-21 10:46:35,668 message_broker INFO Broker inited 140249338751136
2024-12-21 10:48:06,238 message_broker INFO Broker inited 140631474873328
2024-12-21 10:48:06,276 message_broker INFO Connect brokers
2024-12-21 10:55:49,501 message_broker INFO Broker inited 140399851350512
2024-12-21 10:55:49,555 message_broker INFO Connect brokers
2024-12-21 10:59:09,397 message_broker INFO Broker inited 139937380478192
2024-12-21 10:59:09,453 message_broker INFO Connect brokers
2024-12-21 11:01:58,808 message_broker INFO Broker inited 140631372032544
2024-12-21 11:01:58,861 message_broker INFO Connect brokers
2024-12-21 11:05:39,092 message_broker INFO Broker inited 139995440933600
2024-12-21 11:05:39,121 message_broker INFO Connect brokers
2024-12-21 11:07:17,156 message_broker INFO Broker inited 139653995948720
2024-12-21 11:07:17,186 message_broker INFO Connect brokers
2024-12-21 11:10:55,399 message_broker INFO Broker inited 139837409585264
2024-12-21 11:10:55,433 message_broker INFO Connect brokers
2024-12-21 11:17:10,884 message_broker INFO Broker inited 140645628535024
2024-12-21 14:18:01,107 message_broker INFO Broker inited 2552561061376
2024-12-21 14:19:53,589 message_broker INFO Close brokers
2024-12-21 14:19:53,590 message_broker INFO Broker closed 2552561061376
2024-12-21 14:19:56,009 message_broker INFO Broker inited 2089460758048
2024-12-21 14:19:57,559 message_broker INFO Close brokers
2024-12-21 14:19:57,559 message_broker INFO Broker closed 2089460758048
2024-12-21 14:20:01,030 message_broker INFO Connect brokers
2024-12-21 11:20:01,417 message_broker INFO Close brokers
2024-12-21 11:20:01,435 message_broker INFO Broker closed 140645628535024
2024-12-21 11:20:24,939 message_broker INFO Broker inited 140577697213296
2024-12-21 11:20:29,993 message_broker INFO Connect brokers
2024-12-21 11:21:09,801 message_broker INFO Close brokers
2024-12-21 11:21:09,802 message_broker INFO Broker closed 140577697213296
2024-12-21 11:25:22,980 message_broker INFO Broker inited 139625373477888
2024-12-21 11:25:23,005 message_broker INFO Connect brokers
2024-12-21 11:28:53,779 message_broker INFO Broker inited 140482666752448
2024-12-21 11:28:53,820 message_broker INFO Connect brokers
2024-12-21 11:31:02,347 message_broker INFO Broker inited 139706536700496
2024-12-21 11:31:02,379 message_broker INFO Connect brokers
2024-12-21 11:31:09,949 message_broker INFO Broker connected 139706536700496
2024-12-21 11:31:09,949 message_broker INFO Start comsuming
2024-12-21 11:31:09,950 message_broker INFO Comsuming 139706536700496
2024-12-21 11:31:47,024 message_broker INFO Broker inited 139706554378544
2024-12-21 11:31:47,034 message_broker INFO Broker connected 139706554378544
2024-12-21 11:31:47,035 message_broker INFO Sending a message from 139706554378544 to habits_activity_request_response
2024-12-21 11:31:47,037 message_broker INFO Message sended from 139706554378544 to habits_activity_request_response
2024-12-21 11:31:47,040 message_broker INFO Broker closed 139706554378544
2024-12-21 11:33:55,857 message_broker INFO Broker inited 139635209412176
2024-12-21 11:33:55,883 message_broker INFO Connect brokers
2024-12-21 11:33:55,900 message_broker WARNING Connection error 139635209412176
2024-12-21 11:33:56,403 message_broker WARNING Connection error 139635209412176
2024-12-21 11:33:56,906 message_broker WARNING Connection error 139635209412176
2024-12-21 11:33:57,409 message_broker WARNING Connection error 139635209412176
2024-12-21 11:33:57,913 message_broker WARNING Connection error 139635209412176
2024-12-21 11:33:58,416 message_broker WARNING Connection error 139635209412176
2024-12-21 11:33:58,920 message_broker WARNING Connection error 139635209412176
2024-12-21 11:33:59,423 message_broker WARNING Connection error 139635209412176
2024-12-21 11:33:59,927 message_broker WARNING Connection error 139635209412176
2024-12-21 11:34:00,430 message_broker WARNING Connection error 139635209412176
2024-12-21 11:34:00,933 message_broker WARNING Connection error 139635209412176
2024-12-21 11:34:01,436 message_broker WARNING Connection error 139635209412176
2024-12-21 11:34:01,940 message_broker WARNING Connection error 139635209412176
2024-12-21 11:34:02,444 message_broker WARNING Connection error 139635209412176
2024-12-21 11:34:02,948 message_broker WARNING Connection error 139635209412176
2024-12-21 11:34:03,451 message_broker WARNING Connection error 139635209412176
2024-12-21 11:34:03,954 message_broker WARNING Connection error 139635209412176
2024-12-21 11:34:04,465 message_broker INFO Broker connected 139635209412176
2024-12-21 11:34:04,466 message_broker INFO Start comsuming
2024-12-21 11:34:04,466 message_broker INFO Comsuming 139635209412176
2024-12-21 11:36:25,639 message_broker INFO Broker inited 139635207966448
2024-12-21 11:36:25,670 message_broker INFO Broker connected 139635207966448
2024-12-21 11:36:25,670 message_broker INFO Sending a message from 139635207966448 to habits_activity_request_response
2024-12-21 11:36:25,675 message_broker INFO Message sended from 139635207966448 to habits_activity_request_response
2024-12-21 11:36:25,684 message_broker INFO Broker closed 139635207966448
2024-12-21 11:36:37,636 message_broker INFO Broker inited 139635204869872
2024-12-21 11:36:37,645 message_broker INFO Broker connected 139635204869872
2024-12-21 11:36:37,646 message_broker INFO Sending a message from 139635204869872 to habits_activity_request_response
2024-12-21 11:36:37,648 message_broker INFO Message sended from 139635204869872 to habits_activity_request_response
2024-12-21 11:36:37,651 message_broker INFO Broker closed 139635204869872
