2024-12-14 18:40:40,397 user_repository INFO Creating new user, name: roman
2024-12-14 18:40:40,397 user_repository DEBUG Password hashing
2024-12-14 18:40:40,433 user_repository INFO User id: 1 successfully created
2024-12-14 18:40:41,104 user_repository INFO Creating new user, name: roman
2024-12-14 18:40:41,105 user_repository DEBUG Password hashing
2024-12-14 18:40:41,129 user_repository WARNING User name: roman already exists
2024-12-15 12:53:05,975 user_repository INFO Creating new user, name: roman
2024-12-15 12:53:05,975 user_repository DEBUG Password hashing
2024-12-15 12:53:06,010 user_repository INFO User id: 1 successfully created
2024-12-15 12:54:17,076 user_repository INFO Creating new user, name: roman
2024-12-15 12:54:17,077 user_repository DEBUG Password hashing
2024-12-15 12:54:17,110 user_repository INFO User id: 1 successfully created
2024-12-15 12:54:43,916 user_repository INFO Creating new user, name: roman
2024-12-15 12:54:43,917 user_repository DEBUG Password hashing
2024-12-15 12:54:43,949 user_repository INFO User id: 1 successfully created
2024-12-15 12:54:45,942 user_repository WARNING User name: aboba not found
2024-12-15 12:55:48,265 user_repository INFO Creating new user, name: roman
2024-12-15 12:55:48,265 user_repository DEBUG Password hashing
2024-12-15 12:55:48,299 user_repository INFO User id: 1 successfully created
2024-12-15 13:01:08,307 user_repository INFO Creating new user, name: roman
2024-12-15 13:01:08,307 user_repository DEBUG Password hashing
2024-12-15 13:01:08,339 user_repository INFO User id: 1 successfully created
2024-12-15 13:03:34,998 user_repository INFO Creating new user, name: roman
2024-12-15 13:03:34,999 user_repository DEBUG Password hashing
2024-12-15 13:03:35,036 user_repository INFO User id: 1 successfully created
2024-12-15 13:07:36,744 user_repository INFO Creating new user, name: roman
2024-12-15 13:07:36,744 user_repository DEBUG Password hashing
2024-12-15 13:07:36,777 user_repository INFO User id: 1 successfully created
2024-12-15 13:07:38,167 user_repository DEBUG Password verifying
2024-12-15 13:08:45,504 user_repository INFO Creating new user, name: roman
2024-12-15 13:08:45,505 user_repository DEBUG Password hashing
2024-12-15 13:08:45,536 user_repository INFO User id: 1 successfully created
2024-12-15 13:08:47,571 user_repository DEBUG Password verifying
2024-12-15 13:09:12,939 user_repository INFO Creating new user, name: roman
2024-12-15 13:09:12,939 user_repository DEBUG Password hashing
2024-12-15 13:09:12,972 user_repository INFO User id: 1 successfully created
2024-12-15 13:09:14,522 user_repository DEBUG Password verifying
2024-12-15 13:09:14,542 user_repository WARNING User name: roman entered the incorrect password
2024-12-15 13:09:17,649 user_repository WARNING User name: romanw not found
2024-12-15 13:09:24,405 user_repository DEBUG Password verifying
2024-12-15 13:14:12,062 user_repository INFO Creating new user, name: roman
2024-12-15 13:14:12,062 user_repository DEBUG Password hashing
2024-12-15 13:14:12,097 user_repository INFO User id: 1 successfully created
2024-12-15 13:14:14,237 user_repository DEBUG Password verifying
2024-12-15 13:15:00,254 user_repository INFO Creating new user, name: roman
2024-12-15 13:15:00,254 user_repository DEBUG Password hashing
2024-12-15 13:15:00,286 user_repository INFO User id: 1 successfully created
2024-12-15 13:15:02,144 user_repository DEBUG Password verifying
2024-12-15 13:15:24,519 user_repository INFO Creating new user, name: roman
2024-12-15 13:15:24,519 user_repository DEBUG Password hashing
2024-12-15 13:15:24,551 user_repository INFO User id: 1 successfully created
2024-12-15 13:15:27,590 user_repository DEBUG Password verifying
2024-12-15 13:17:04,806 user_repository INFO Creating new user, name: roman
2024-12-15 13:17:04,806 user_repository DEBUG Password hashing
2024-12-15 13:17:04,838 user_repository INFO User id: 1 successfully created
2024-12-15 13:17:06,363 user_repository DEBUG Password verifying
2024-12-15 13:17:35,798 user_repository INFO Creating new user, name: roman
2024-12-15 13:17:35,798 user_repository DEBUG Password hashing
2024-12-15 13:17:35,830 user_repository INFO User id: 1 successfully created
2024-12-15 13:17:42,961 user_repository DEBUG Password verifying
2024-12-15 13:18:27,917 user_repository INFO Creating new user, name: roman
2024-12-15 13:18:27,917 user_repository DEBUG Password hashing
2024-12-15 13:18:27,947 user_repository INFO User id: 1 successfully created
2024-12-15 13:18:30,612 user_repository INFO Retrieving the user by username: roman
2024-12-15 13:18:30,617 user_repository DEBUG Password verifying
2024-12-15 13:26:58,818 user_repository INFO Creating new user, name: roman
2024-12-15 13:26:58,818 user_repository DEBUG Password hashing
2024-12-15 13:26:58,851 user_repository INFO User id: 1 successfully created
2024-12-15 13:27:29,653 user_repository INFO Creating new user, name: roman
2024-12-15 13:27:29,654 user_repository DEBUG Password hashing
2024-12-15 13:27:29,686 user_repository INFO User id: 1 successfully created
2024-12-15 13:27:37,950 user_repository INFO Retrieving the user by username: roman
2024-12-15 13:27:37,953 user_repository DEBUG Password verifying
2024-12-15 13:29:08,174 user_repository INFO Creating new user, name: roman
2024-12-15 13:29:08,175 user_repository DEBUG Password hashing
2024-12-15 13:29:08,207 user_repository INFO User id: 1 successfully created
2024-12-15 13:29:12,569 user_repository INFO Retrieving the user by username: roman
2024-12-15 13:29:12,573 user_repository DEBUG Password verifying
2024-12-15 13:29:12,592 user_repository WARNING User name: roman entered the incorrect password
2024-12-15 13:29:16,027 user_repository INFO Retrieving the user by username: roma
2024-12-15 13:29:16,030 user_repository WARNING User name: roma not found
2024-12-15 13:29:21,223 user_repository INFO Retrieving the user by username: roman
2024-12-15 13:29:21,226 user_repository DEBUG Password verifying
