2024-12-16 11:31:55,017 user_service INFO Creating new user name: roman
2024-12-16 11:31:55,056 user_service INFO User name: roman successfully created
2024-12-16 11:32:22,424 user_service INFO Retrieving the user by name: roman
2024-12-16 11:32:22,448 user_service WARNING User name: roman entered the incorrect name or password
2024-12-16 11:32:34,196 user_service INFO Retrieving the user by name: roman
2024-12-16 11:32:34,219 user_service INFO User name: roman successfully retrieved
2024-12-16 11:32:43,124 user_service INFO Retrieving the user, id: 3
2024-12-16 11:32:43,132 user_service WARNING User id: 3 not found
2024-12-16 12:06:24,063 user_service INFO Creating new user name: roman
2024-12-16 12:06:24,103 user_service INFO User name: roman successfully created
2024-12-16 12:06:24,103 user_service INFO Retrieving the user, id: 1
2024-12-16 12:06:24,109 user_service INFO User id: 1 successfully retrieved
2024-12-16 12:06:49,765 user_service INFO Creating new user name: roman
2024-12-16 12:06:49,803 user_service INFO User name: roman successfully created
2024-12-16 12:06:49,803 user_service INFO Retrieving the user, id: 1
2024-12-16 12:06:49,808 user_service INFO User id: 1 successfully retrieved
2024-12-16 12:07:40,495 user_service INFO Creating new user name: roman
2024-12-16 12:07:40,536 user_service INFO User name: roman successfully created
2024-12-16 12:07:40,536 user_service INFO Retrieving the user, id: 1
2024-12-16 12:07:40,540 user_service INFO User id: 1 successfully retrieved
2024-12-16 12:08:24,393 user_service INFO Creating new user name: roman
2024-12-16 12:08:24,429 user_service INFO User name: roman successfully created
2024-12-16 12:08:24,429 user_service INFO Retrieving the user, id: 1
2024-12-16 12:08:24,434 user_service INFO User id: 1 successfully retrieved
2024-12-16 12:08:32,991 user_service INFO Retrieving the user by name: roman
2024-12-16 12:08:33,014 user_service WARNING User name: roman entered the incorrect name or password
2024-12-16 12:08:44,747 user_service INFO Retrieving the user by name: roman
2024-12-16 12:08:44,771 user_service INFO User name: roman successfully retrieved
