2024-12-16 12:17:09,371 user_service INFO Creating new user name: roman
2024-12-16 12:17:09,410 user_service INFO User name: roman successfully created
2024-12-16 12:17:09,410 user_service INFO Retrieving the user, id: 1
2024-12-16 12:17:09,415 user_service INFO User id: 1 successfully retrieved
2024-12-16 12:17:25,385 user_service INFO Updating the user, id: 1
2024-12-16 12:17:25,394 user_service INFO User id: 1 successfully updated
2024-12-16 12:17:36,544 user_service INFO Retrieving the user, id: 1
2024-12-16 12:17:36,548 user_service INFO User id: 1 successfully retrieved
2024-12-16 13:12:03,376 user_service INFO Retrieving the user, id: 1
2024-12-16 13:12:03,384 user_service WARNING User id: 1 not found
2024-12-16 13:12:25,717 user_service INFO Retrieving the user, id: 1
2024-12-16 13:12:25,725 user_service WARNING User id: 1 not found
2024-12-16 13:12:41,820 user_service INFO Creating new user name: roman
2024-12-16 13:12:41,856 user_service INFO User name: roman successfully created
2024-12-16 13:12:41,856 user_service INFO Retrieving the user, id: 1
2024-12-16 13:12:41,860 user_service INFO User id: 1 successfully retrieved
2024-12-16 13:12:45,197 user_service INFO Retrieving the user, id: 1
2024-12-16 13:12:45,200 user_service INFO User id: 1 successfully retrieved
2024-12-16 13:12:53,631 user_service INFO Creating new user name: aboba
2024-12-16 13:12:53,660 user_service INFO User name: aboba successfully created
2024-12-16 13:12:53,661 user_service INFO Retrieving the user, id: 2
2024-12-16 13:12:53,664 user_service INFO User id: 2 successfully retrieved
2024-12-16 13:12:56,419 user_service INFO Retrieving the user, id: 2
2024-12-16 13:12:56,423 user_service INFO User id: 2 successfully retrieved
2024-12-16 13:13:05,631 user_service INFO Retrieving the user by name: roman
2024-12-16 13:13:05,653 user_service INFO User name: roman successfully retrieved
2024-12-16 13:13:10,392 user_service INFO Retrieving the user, id: 1
2024-12-16 13:13:10,396 user_service INFO User id: 1 successfully retrieved
2024-12-16 13:14:58,858 user_service INFO Creating new user name: roman
2024-12-16 13:14:58,893 user_service INFO User name: roman successfully created
2024-12-16 13:14:58,893 user_service INFO Retrieving the user, id: 1
2024-12-16 13:14:58,898 user_service INFO User id: 1 successfully retrieved
2024-12-16 13:15:07,709 user_service INFO Deleting the user, id: 1
2024-12-16 13:15:07,731 user_service INFO User id: 1 successfully deleted
2024-12-16 13:15:38,599 user_service INFO Retrieving the user, id: 1
2024-12-16 13:15:38,604 user_service WARNING User id: 1 not found
2024-12-16 13:16:11,817 user_service INFO Updating the user, id: 1
2024-12-16 13:16:11,844 user_service WARNING User id: 1 not found
2024-12-16 13:16:24,801 user_service INFO Creating new user name: roman
2024-12-16 13:16:24,846 user_service INFO User name: roman successfully created
2024-12-16 13:16:24,846 user_service INFO Retrieving the user, id: 1
2024-12-16 13:16:24,849 user_service INFO User id: 1 successfully retrieved
2024-12-16 13:16:27,504 user_service INFO Updating the user, id: 1
2024-12-16 13:16:27,544 user_service INFO User id: 1 successfully updated
2024-12-16 13:16:34,806 user_service INFO Retrieving the user, id: 1
2024-12-16 13:16:34,811 user_service INFO User id: 1 successfully retrieved
2024-12-16 13:59:59,517 user_service INFO Creating new user name: roman
2024-12-16 13:59:59,553 user_service INFO User name: roman successfully created
2024-12-16 13:59:59,553 user_service INFO Retrieving the user, id: 1
2024-12-16 14:00:03,486 user_service INFO Retrieving the user, id: 1
2024-12-16 14:00:23,890 user_service INFO Creating new user name: roman
2024-12-16 14:00:23,926 user_service INFO User name: roman successfully created
2024-12-16 14:00:23,926 user_service INFO Retrieving the user, id: 1
2024-12-16 14:00:23,932 user_service INFO User id: 1 successfully retrieved
2024-12-16 14:00:26,159 user_service INFO Retrieving the user, id: 1
2024-12-16 14:00:26,165 user_service INFO User id: 1 successfully retrieved
2024-12-16 14:02:47,104 user_service INFO Creating new user name: roman
2024-12-16 14:02:47,142 user_service INFO User name: roman successfully created
2024-12-16 14:02:47,142 user_service INFO Retrieving the user, id: 1
2024-12-16 14:02:47,149 user_service INFO User id: 1 successfully retrieved
2024-12-16 14:02:49,247 user_service INFO Retrieving the user, id: 1
2024-12-16 14:02:49,252 user_service INFO User id: 1 successfully retrieved
2024-12-16 14:03:01,375 user_service INFO Retrieving the user by name: roman
2024-12-16 14:03:01,402 user_service INFO User name: roman successfully retrieved
2024-12-16 14:45:47,271 user_service INFO Retrieving the user by name: roman
2024-12-16 14:45:47,280 user_service WARNING User name: roman not found
2024-12-16 14:45:52,668 user_service INFO Creating new user name: roman
2024-12-16 14:45:52,707 user_service INFO User name: roman successfully created
2024-12-16 14:45:52,707 user_service INFO Retrieving the user, id: 1
2024-12-16 14:45:52,710 user_service INFO User id: 1 successfully retrieved
2024-12-16 14:46:17,778 user_service INFO Retrieving the user by name: roman
2024-12-16 14:46:17,802 user_service INFO User name: roman successfully retrieved
2024-12-16 17:52:16,642 user_service INFO Creating new user name: roman
2024-12-16 17:52:16,679 user_service INFO User name: roman successfully created
2024-12-16 17:52:16,679 user_service INFO Retrieving the user, id: 1
2024-12-16 17:52:16,683 user_service INFO User id: 1 successfully retrieved
2024-12-16 17:52:21,588 user_service INFO Creating new user name: aboba
2024-12-16 17:52:21,618 user_service INFO User name: aboba successfully created
2024-12-16 17:52:21,618 user_service INFO Retrieving the user, id: 2
2024-12-16 17:52:21,621 user_service INFO User id: 2 successfully retrieved
2024-12-16 17:52:55,581 user_service INFO Updating the user, id: 2
2024-12-16 17:52:55,584 user_service WARNING The user name: aboba is already taken
2024-12-16 17:53:45,215 user_service INFO Retrieving the user by name: aboba
2024-12-16 17:53:45,239 user_service INFO User name: aboba successfully retrieved
2024-12-16 17:54:25,027 user_service INFO Retrieving the user by name: roman
2024-12-16 17:54:25,050 user_service INFO User name: roman successfully retrieved
2024-12-16 18:00:35,135 user_service INFO Retrieving the user by name: aboba
2024-12-16 18:00:35,159 user_service INFO User name: aboba successfully retrieved
2024-12-16 18:36:31,254 user_service INFO Retrieving the user by name: roman
2024-12-16 18:36:31,311 user_service INFO User name: roman successfully retrieved
2024-12-16 20:33:50,869 user_service INFO Retrieving the user by name: aboba
2024-12-16 20:33:50,940 user_service INFO User name: aboba successfully retrieved
